<?xml version="1.0" encoding="UTF-8"?>
<robot generator="Robot 3.1.2 (Python 3.7.6 on win32)" generated="20200826 16:15:55.972" rpa="false">
<suite id="s1" name="Hms-Automation" source="C:\Users\ENTREGO\Downloads\hms-automation">
<suite id="s1-s1" name="Cases" source="C:\Users\ENTREGO\Downloads\hms-automation\cases">
<suite id="s1-s1-s1" name="Print Waybill" source="C:\Users\ENTREGO\Downloads\hms-automation\cases\print_waybill.robot">
<kw name="Login to HMS" library="login" type="setup">
<arguments>
<arg>johnecis.madrid@entrego.com.ph</arg>
<arg>@EntregoMadrid0804</arg>
</arguments>
<kw name="Open Browser" library="SeleniumLibrary">
<doc>Opens a new browser instance to the optional ``url``.</doc>
<arguments>
<arg>${url}</arg>
<arg>${browser}</arg>
</arguments>
<msg timestamp="20200826 16:15:56.965" level="INFO">Opening browser 'chrome' to base url 'https://hms.entrego.org/'.</msg>
<kw name="Capture Page Screenshot" library="SeleniumLibrary">
<doc>Takes a screenshot of the current page and embeds it into a log file.</doc>
<msg timestamp="20200826 16:15:56.972" level="INFO">Cannot capture screenshot because no browser is open.</msg>
<status status="PASS" starttime="20200826 16:15:56.972" endtime="20200826 16:15:56.973"></status>
</kw>
<msg timestamp="20200826 16:15:56.975" level="FAIL">WebDriverException: Message: 'chromedriver' executable needs to be in PATH. Please see https://sites.google.com/a/chromium.org/chromedriver/home
</msg>
<status status="FAIL" starttime="20200826 16:15:56.965" endtime="20200826 16:15:56.975"></status>
</kw>
<status status="FAIL" starttime="20200826 16:15:56.964" endtime="20200826 16:15:56.976"></status>
</kw>
<test id="s1-s1-s1-t1" name="Print Waybill from Excel File">
<status status="FAIL" starttime="20200826 16:15:56.976" endtime="20200826 16:15:56.977" critical="yes">Parent suite setup failed:
WebDriverException: Message: 'chromedriver' executable needs to be in PATH. Please see https://sites.google.com/a/chromium.org/chromedriver/home
</status>
</test>
<kw name="Close All Browsers" library="SeleniumLibrary" type="teardown">
<doc>Closes all open browsers and resets the browser cache.</doc>
<status status="PASS" starttime="20200826 16:15:56.977" endtime="20200826 16:15:56.978"></status>
</kw>
<status status="FAIL" starttime="20200826 16:15:56.056" endtime="20200826 16:15:56.978">Suite setup failed:
WebDriverException: Message: 'chromedriver' executable needs to be in PATH. Please see https://sites.google.com/a/chromium.org/chromedriver/home
</status>
</suite>
<status status="FAIL" starttime="20200826 16:15:56.053" endtime="20200826 16:15:56.979"></status>
</suite>
<status status="FAIL" starttime="20200826 16:15:56.006" endtime="20200826 16:15:56.980"></status>
</suite>
<statistics>
<total>
<stat pass="0" fail="1">Critical Tests</stat>
<stat pass="0" fail="1">All Tests</stat>
</total>
<tag>
</tag>
<suite>
<stat pass="0" fail="1" id="s1" name="Hms-Automation">Hms-Automation</stat>
<stat pass="0" fail="1" id="s1-s1" name="Cases">Hms-Automation.Cases</stat>
<stat pass="0" fail="1" id="s1-s1-s1" name="Print Waybill">Hms-Automation.Cases.Print Waybill</stat>
</suite>
</statistics>
<errors>
</errors>
</robot>
